C:\GV_ASSIGNMENTS\ASSIGNMENT2\A2\DEBUG\A2.EXE
C:\GV_ASSIGNMENTS\ASSIGNMENT2\A2\DEBUG\A2.EXE.EMBED.MANIFEST
C:\GV_ASSIGNMENTS\ASSIGNMENT2\A2\DEBUG\A2.EXE.EMBED.MANIFEST.RES
C:\GV_ASSIGNMENTS\ASSIGNMENT2\A2\DEBUG\A2.EXE.INTERMEDIATE.MANIFEST
C:\GV_ASSIGNMENTS\ASSIGNMENT2\A2\DEBUG\A2.ILK
C:\GV_ASSIGNMENTS\ASSIGNMENT2\A2\DEBUG\A2.PDB
C:\gv_assignments\assignment2\a2\Debug\a2.write.1.tlog
C:\gv_assignments\assignment2\a2\Debug\a2_manifest.rc
C:\GV_ASSIGNMENTS\ASSIGNMENT2\A2\DEBUG\BITMAP.OBJ
C:\GV_ASSIGNMENTS\ASSIGNMENT2\A2\DEBUG\CAMERA.OBJ
C:\gv_assignments\assignment2\a2\Debug\cl.command.1.tlog
C:\gv_assignments\assignment2\a2\Debug\CL.read.1.tlog
C:\gv_assignments\assignment2\a2\Debug\CL.write.1.tlog
C:\GV_ASSIGNMENTS\ASSIGNMENT2\A2\DEBUG\JOINT.OBJ
C:\gv_assignments\assignment2\a2\Debug\link.2872.read.1.tlog
C:\gv_assignments\assignment2\a2\Debug\link.2872.write.1.tlog
C:\gv_assignments\assignment2\a2\Debug\link.2872-cvtres.read.1.tlog
C:\gv_assignments\assignment2\a2\Debug\link.2872-cvtres.write.1.tlog
C:\gv_assignments\assignment2\a2\Debug\link.command.1.tlog
C:\gv_assignments\assignment2\a2\Debug\link.read.1.tlog
C:\gv_assignments\assignment2\a2\Debug\link.write.1.tlog
C:\gv_assignments\assignment2\a2\Debug\link-cvtres.read.1.tlog
C:\gv_assignments\assignment2\a2\Debug\link-cvtres.write.1.tlog
C:\GV_ASSIGNMENTS\ASSIGNMENT2\A2\DEBUG\MAIN.OBJ
C:\GV_ASSIGNMENTS\ASSIGNMENT2\A2\DEBUG\MATRIX2F.OBJ
C:\GV_ASSIGNMENTS\ASSIGNMENT2\A2\DEBUG\MATRIX3F.OBJ
C:\GV_ASSIGNMENTS\ASSIGNMENT2\A2\DEBUG\MATRIX4F.OBJ
C:\GV_ASSIGNMENTS\ASSIGNMENT2\A2\DEBUG\MATRIXSTACK.OBJ
C:\GV_ASSIGNMENTS\ASSIGNMENT2\A2\DEBUG\MESH.OBJ
C:\GV_ASSIGNMENTS\ASSIGNMENT2\A2\DEBUG\MODELERAPP.OBJ
C:\GV_ASSIGNMENTS\ASSIGNMENT2\A2\DEBUG\MODELERUI.OBJ
C:\GV_ASSIGNMENTS\ASSIGNMENT2\A2\DEBUG\MODELERVIEW.OBJ
C:\gv_assignments\assignment2\a2\Debug\mt.command.1.tlog
C:\gv_assignments\assignment2\a2\Debug\mt.read.1.tlog
C:\gv_assignments\assignment2\a2\Debug\mt.write.1.tlog
C:\GV_ASSIGNMENTS\ASSIGNMENT2\A2\DEBUG\QUAT4F.OBJ
C:\gv_assignments\assignment2\a2\Debug\rc.command.1.tlog
C:\gv_assignments\assignment2\a2\Debug\rc.read.1.tlog
C:\gv_assignments\assignment2\a2\Debug\rc.write.1.tlog
C:\GV_ASSIGNMENTS\ASSIGNMENT2\A2\DEBUG\SKELETALMODEL.OBJ
C:\gv_assignments\assignment2\a2\Debug\vc100.idb
C:\GV_ASSIGNMENTS\ASSIGNMENT2\A2\DEBUG\VC100.PDB
C:\GV_ASSIGNMENTS\ASSIGNMENT2\A2\DEBUG\VECTOR2F.OBJ
C:\GV_ASSIGNMENTS\ASSIGNMENT2\A2\DEBUG\VECTOR3F.OBJ
C:\GV_ASSIGNMENTS\ASSIGNMENT2\A2\DEBUG\VECTOR4F.OBJ
