生成启动时间为 25/2/2018 11:00:38 PM。
     1>项目“C:\gv_assignments\assignment2\a2\a2.vcxproj”在节点 2 上(rebuild 个目标)。
     1>_PrepareForClean:
         正在删除文件“Debug\a2.lastbuildstate”。
       InitializeBuildStatus:
         正在创建“Debug\a2.unsuccessfulbuild”，因为已指定“AlwaysCreate”。
       ClCompile:
         C:\vs2010\VC\bin\CL.exe /c /I. /Ivecmath/include /Zi /nologo /W3 /WX- /Od /Oy- /D SOLN /D WIN32 /D _DEBUG /D _CONSOLE /Gm /EHsc /RTC1 /MDd /GS /fp:precise /Zc:wchar_t /Zc:forScope /Fo"Debug\\" /Fd"Debug\vc100.pdb" /Gd /TP /analyze- /errorReport:prompt bitmap.cpp Joint.cpp main.cpp MatrixStack.cpp Mesh.cpp modelerapp.cpp modelerui.cpp ModelerView.cpp SkeletalModel.cpp vecmath\src\Matrix2f.cpp vecmath\src\Matrix3f.cpp vecmath\src\Matrix4f.cpp vecmath\src\Quat4f.cpp vecmath\src\Vector2f.cpp vecmath\src\Vector3f.cpp vecmath\src\Vector4f.cpp
         Vector4f.cpp
         Vector3f.cpp
         Vector2f.cpp
         Quat4f.cpp
         Matrix4f.cpp
         Matrix3f.cpp
         Matrix2f.cpp
         SkeletalModel.cpp
     1>SkeletalModel.cpp(100): warning C4305: “参数”: 从“double”到“float”截断
     1>SkeletalModel.cpp(100): warning C4305: “参数”: 从“double”到“float”截断
         ModelerView.cpp
         modelerui.cpp
     1>modelerui.cpp(69): warning C4018: “>=”: 有符号/无符号不匹配
     1>modelerui.cpp(89): warning C4996: 'fopen': This function or variable may be unsafe. Consider using fopen_s instead. To disable deprecation, use _CRT_SECURE_NO_WARNINGS. See online help for details.
                 C:\vs2010\VC\include\stdio.h(234) : 参见“fopen”的声明
     1>modelerui.cpp(94): warning C4018: “<”: 有符号/无符号不匹配
     1>modelerui.cpp(91): warning C4101: “azimuth”: 未引用的局部变量
     1>modelerui.cpp(91): warning C4101: “dolly”: 未引用的局部变量
     1>modelerui.cpp(91): warning C4101: “twist”: 未引用的局部变量
     1>modelerui.cpp(91): warning C4101: “elevation”: 未引用的局部变量
         modelerapp.cpp
     1>modelerapp.cpp(41): warning C4996: 'strncpy': This function or variable may be unsafe. Consider using strncpy_s instead. To disable deprecation, use _CRT_SECURE_NO_WARNINGS. See online help for details.
                 C:\vs2010\VC\include\string.h(188) : 参见“strncpy”的声明
         Mesh.cpp
     1>Mesh.cpp(22): warning C4244: “=”: 从“float”转换到“unsigned int”，可能丢失数据
     1>Mesh.cpp(23): warning C4244: “=”: 从“float”转换到“unsigned int”，可能丢失数据
     1>Mesh.cpp(24): warning C4244: “=”: 从“float”转换到“unsigned int”，可能丢失数据
         MatrixStack.cpp
         main.cpp
     1>main.cpp(49): warning C4996: 'sprintf': This function or variable may be unsafe. Consider using sprintf_s instead. To disable deprecation, use _CRT_SECURE_NO_WARNINGS. See online help for details.
                 C:\vs2010\VC\include\stdio.h(371) : 参见“sprintf”的声明
     1>main.cpp(51): warning C4996: 'sprintf': This function or variable may be unsafe. Consider using sprintf_s instead. To disable deprecation, use _CRT_SECURE_NO_WARNINGS. See online help for details.
                 C:\vs2010\VC\include\stdio.h(371) : 参见“sprintf”的声明
     1>main.cpp(53): warning C4996: 'sprintf': This function or variable may be unsafe. Consider using sprintf_s instead. To disable deprecation, use _CRT_SECURE_NO_WARNINGS. See online help for details.
                 C:\vs2010\VC\include\stdio.h(371) : 参见“sprintf”的声明
         Joint.cpp
         bitmap.cpp
     1>bitmap.cpp(22): warning C4996: 'fopen': This function or variable may be unsafe. Consider using fopen_s instead. To disable deprecation, use _CRT_SECURE_NO_WARNINGS. See online help for details.
                 C:\vs2010\VC\include\stdio.h(234) : 参见“fopen”的声明
     1>bitmap.cpp(127): warning C4996: 'fopen': This function or variable may be unsafe. Consider using fopen_s instead. To disable deprecation, use _CRT_SECURE_NO_WARNINGS. See online help for details.
                 C:\vs2010\VC\include\stdio.h(234) : 参见“fopen”的声明
         正在生成代码...
         C:\vs2010\VC\bin\CL.exe /c /Ivecmath\include /Zi /nologo /W3 /WX- /Od /Oy- /D SOLN /D WIN32 /D _DEBUG /D _CONSOLE /Gm /EHsc /RTC1 /MDd /GS /fp:precise /Zc:wchar_t /Zc:forScope /Fo"Debug\\" /Fd"Debug\vc100.pdb" /Gd /TP /analyze- /errorReport:prompt camera.cpp
         camera.cpp
     1>camera.cpp(136): warning C4244: “=”: 从“double”转换到“float”，可能丢失数据
     1>camera.cpp(137): warning C4244: “=”: 从“double”转换到“float”，可能丢失数据
       ManifestResourceCompile:
         C:\Program Files (x86)\Microsoft SDKs\Windows\v7.0A\bin\rc.exe /nologo /fo"Debug\a2.exe.embed.manifest.res" Debug\a2_manifest.rc 
       Link:
         C:\vs2010\VC\bin\link.exe /ERRORREPORT:PROMPT /OUT:"C:\gv_assignments\assignment2\a2\Debug\a2.exe" /INCREMENTAL /NOLOGO fltkgl.lib fltk.lib freeglut.lib kernel32.lib user32.lib gdi32.lib winspool.lib comdlg32.lib advapi32.lib shell32.lib ole32.lib oleaut32.lib uuid.lib odbc32.lib odbccp32.lib kernel32.lib user32.lib gdi32.lib winspool.lib comdlg32.lib advapi32.lib shell32.lib ole32.lib oleaut32.lib uuid.lib odbc32.lib odbccp32.lib /MANIFEST /ManifestFile:"Debug\a2.exe.intermediate.manifest" /MANIFESTUAC:"level='asInvoker' uiAccess='false'" /DEBUG /PDB:"C:\gv_assignments\assignment2\a2\Debug\a2.pdb" /SUBSYSTEM:CONSOLE /TLBID:1 /DYNAMICBASE /NXCOMPAT /IMPLIB:"C:\gv_assignments\assignment2\a2\Debug\a2.lib" /MACHINE:X86 Debug\a2.exe.embed.manifest.res
         Debug\bitmap.obj
         Debug\camera.obj
         Debug\Joint.obj
         Debug\main.obj
         Debug\MatrixStack.obj
         Debug\Mesh.obj
         Debug\modelerapp.obj
         Debug\modelerui.obj
         Debug\ModelerView.obj
         Debug\SkeletalModel.obj
         Debug\Matrix2f.obj
         Debug\Matrix3f.obj
         Debug\Matrix4f.obj
         Debug\Quat4f.obj
         Debug\Vector2f.obj
         Debug\Vector3f.obj
         Debug\Vector4f.obj
     1>LINK : warning LNK4098: 默认库“MSVCRT”与其他库的使用冲突；请使用 /NODEFAULTLIB:library
     1>fltkgl.lib(Fl_Gl_Choice.obj) : warning LNK4204: “C:\gv_assignments\assignment2\a2\Debug\vc100.pdb”缺少引用模块的调试信息；正在链接对象，如同没有调试信息一样
     1>fltkgl.lib(Fl_Gl_Device_Plugin.obj) : warning LNK4204: “C:\gv_assignments\assignment2\a2\Debug\vc100.pdb”缺少引用模块的调试信息；正在链接对象，如同没有调试信息一样
     1>fltkgl.lib(Fl_Gl_Window.obj) : warning LNK4204: “C:\gv_assignments\assignment2\a2\Debug\vc100.pdb”缺少引用模块的调试信息；正在链接对象，如同没有调试信息一样
     1>fltkgl.lib(gl_draw.obj) : warning LNK4204: “C:\gv_assignments\assignment2\a2\Debug\vc100.pdb”缺少引用模块的调试信息；正在链接对象，如同没有调试信息一样
     1>fltk.lib(case.obj) : warning LNK4204: “C:\gv_assignments\assignment2\a2\Debug\vc100.pdb”缺少引用模块的调试信息；正在链接对象，如同没有调试信息一样
     1>fltk.lib(filename_absolute.obj) : warning LNK4204: “C:\gv_assignments\assignment2\a2\Debug\vc100.pdb”缺少引用模块的调试信息；正在链接对象，如同没有调试信息一样
     1>fltk.lib(filename_expand.obj) : warning LNK4204: “C:\gv_assignments\assignment2\a2\Debug\vc100.pdb”缺少引用模块的调试信息；正在链接对象，如同没有调试信息一样
     1>fltk.lib(filename_isdir.obj) : warning LNK4204: “C:\gv_assignments\assignment2\a2\Debug\vc100.pdb”缺少引用模块的调试信息；正在链接对象，如同没有调试信息一样
     1>fltk.lib(filename_list.obj) : warning LNK4204: “C:\gv_assignments\assignment2\a2\Debug\vc100.pdb”缺少引用模块的调试信息；正在链接对象，如同没有调试信息一样
     1>fltk.lib(filename_match.obj) : warning LNK4204: “C:\gv_assignments\assignment2\a2\Debug\vc100.pdb”缺少引用模块的调试信息；正在链接对象，如同没有调试信息一样
     1>fltk.lib(Fl.obj) : warning LNK4204: “C:\gv_assignments\assignment2\a2\Debug\vc100.pdb”缺少引用模块的调试信息；正在链接对象，如同没有调试信息一样
     1>fltk.lib(Fl_abort.obj) : warning LNK4204: “C:\gv_assignments\assignment2\a2\Debug\vc100.pdb”缺少引用模块的调试信息；正在链接对象，如同没有调试信息一样
     1>fltk.lib(fl_arc.obj) : warning LNK4204: “C:\gv_assignments\assignment2\a2\Debug\vc100.pdb”缺少引用模块的调试信息；正在链接对象，如同没有调试信息一样
     1>fltk.lib(fl_arci.obj) : warning LNK4204: “C:\gv_assignments\assignment2\a2\Debug\vc100.pdb”缺少引用模块的调试信息；正在链接对象，如同没有调试信息一样
     1>fltk.lib(fl_ask.obj) : warning LNK4204: “C:\gv_assignments\assignment2\a2\Debug\vc100.pdb”缺少引用模块的调试信息；正在链接对象，如同没有调试信息一样
     1>fltk.lib(Fl_Bitmap.obj) : warning LNK4204: “C:\gv_assignments\assignment2\a2\Debug\vc100.pdb”缺少引用模块的调试信息；正在链接对象，如同没有调试信息一样
     1>fltk.lib(Fl_Box.obj) : warning LNK4204: “C:\gv_assignments\assignment2\a2\Debug\vc100.pdb”缺少引用模块的调试信息；正在链接对象，如同没有调试信息一样
     1>fltk.lib(fl_boxtype.obj) : warning LNK4204: “C:\gv_assignments\assignment2\a2\Debug\vc100.pdb”缺少引用模块的调试信息；正在链接对象，如同没有调试信息一样
     1>fltk.lib(Fl_Browser.obj) : warning LNK4204: “C:\gv_assignments\assignment2\a2\Debug\vc100.pdb”缺少引用模块的调试信息；正在链接对象，如同没有调试信息一样
     1>fltk.lib(Fl_Browser_.obj) : warning LNK4204: “C:\gv_assignments\assignment2\a2\Debug\vc100.pdb”缺少引用模块的调试信息；正在链接对象，如同没有调试信息一样
     1>fltk.lib(Fl_Button.obj) : warning LNK4204: “C:\gv_assignments\assignment2\a2\Debug\vc100.pdb”缺少引用模块的调试信息；正在链接对象，如同没有调试信息一样
     1>fltk.lib(Fl_Check_Button.obj) : warning LNK4204: “C:\gv_assignments\assignment2\a2\Debug\vc100.pdb”缺少引用模块的调试信息；正在链接对象，如同没有调试信息一样
     1>fltk.lib(Fl_Choice.obj) : warning LNK4204: “C:\gv_assignments\assignment2\a2\Debug\vc100.pdb”缺少引用模块的调试信息；正在链接对象，如同没有调试信息一样
     1>fltk.lib(fl_color.obj) : warning LNK4204: “C:\gv_assignments\assignment2\a2\Debug\vc100.pdb”缺少引用模块的调试信息；正在链接对象，如同没有调试信息一样
     1>fltk.lib(Fl_compose.obj) : warning LNK4204: “C:\gv_assignments\assignment2\a2\Debug\vc100.pdb”缺少引用模块的调试信息；正在链接对象，如同没有调试信息一样
     1>fltk.lib(fl_cursor.obj) : warning LNK4204: “C:\gv_assignments\assignment2\a2\Debug\vc100.pdb”缺少引用模块的调试信息；正在链接对象，如同没有调试信息一样
     1>fltk.lib(fl_curve.obj) : warning LNK4204: “C:\gv_assignments\assignment2\a2\Debug\vc100.pdb”缺少引用模块的调试信息；正在链接对象，如同没有调试信息一样
     1>fltk.lib(Fl_Device.obj) : warning LNK4204: “C:\gv_assignments\assignment2\a2\Debug\vc100.pdb”缺少引用模块的调试信息；正在链接对象，如同没有调试信息一样
     1>fltk.lib(fl_dnd.obj) : warning LNK4204: “C:\gv_assignments\assignment2\a2\Debug\vc100.pdb”缺少引用模块的调试信息；正在链接对象，如同没有调试信息一样
     1>fltk.lib(Fl_Double_Window.obj) : warning LNK4204: “C:\gv_assignments\assignment2\a2\Debug\vc100.pdb”缺少引用模块的调试信息；正在链接对象，如同没有调试信息一样
     1>fltk.lib(fl_draw.obj) : warning LNK4204: “C:\gv_assignments\assignment2\a2\Debug\vc100.pdb”缺少引用模块的调试信息；正在链接对象，如同没有调试信息一样
     1>fltk.lib(fl_draw_image.obj) : warning LNK4204: “C:\gv_assignments\assignment2\a2\Debug\vc100.pdb”缺少引用模块的调试信息；正在链接对象，如同没有调试信息一样
     1>fltk.lib(fl_draw_pixmap.obj) : warning LNK4204: “C:\gv_assignments\assignment2\a2\Debug\vc100.pdb”缺少引用模块的调试信息；正在链接对象，如同没有调试信息一样
     1>fltk.lib(Fl_File_Browser.obj) : warning LNK4204: “C:\gv_assignments\assignment2\a2\Debug\vc100.pdb”缺少引用模块的调试信息；正在链接对象，如同没有调试信息一样
     1>fltk.lib(Fl_File_Chooser.obj) : warning LNK4204: “C:\gv_assignments\assignment2\a2\Debug\vc100.pdb”缺少引用模块的调试信息；正在链接对象，如同没有调试信息一样
     1>fltk.lib(Fl_File_Chooser2.obj) : warning LNK4204: “C:\gv_assignments\assignment2\a2\Debug\vc100.pdb”缺少引用模块的调试信息；正在链接对象，如同没有调试信息一样
     1>fltk.lib(fl_file_dir.obj) : warning LNK4204: “C:\gv_assignments\assignment2\a2\Debug\vc100.pdb”缺少引用模块的调试信息；正在链接对象，如同没有调试信息一样
     1>fltk.lib(Fl_File_Icon.obj) : warning LNK4204: “C:\gv_assignments\assignment2\a2\Debug\vc100.pdb”缺少引用模块的调试信息；正在链接对象，如同没有调试信息一样
     1>fltk.lib(Fl_File_Input.obj) : warning LNK4204: “C:\gv_assignments\assignment2\a2\Debug\vc100.pdb”缺少引用模块的调试信息；正在链接对象，如同没有调试信息一样
     1>fltk.lib(fl_font.obj) : warning LNK4204: “C:\gv_assignments\assignment2\a2\Debug\vc100.pdb”缺少引用模块的调试信息；正在链接对象，如同没有调试信息一样
     1>fltk.lib(Fl_get_system_colors.obj) : warning LNK4204: “C:\gv_assignments\assignment2\a2\Debug\vc100.pdb”缺少引用模块的调试信息；正在链接对象，如同没有调试信息一样
     1>fltk.lib(Fl_grab.obj) : warning LNK4204: “C:\gv_assignments\assignment2\a2\Debug\vc100.pdb”缺少引用模块的调试信息；正在链接对象，如同没有调试信息一样
     1>fltk.lib(Fl_Group.obj) : warning LNK4204: “C:\gv_assignments\assignment2\a2\Debug\vc100.pdb”缺少引用模块的调试信息；正在链接对象，如同没有调试信息一样
     1>fltk.lib(fl_gtk.obj) : warning LNK4204: “C:\gv_assignments\assignment2\a2\Debug\vc100.pdb”缺少引用模块的调试信息；正在链接对象，如同没有调试信息一样
     1>fltk.lib(Fl_Image.obj) : warning LNK4204: “C:\gv_assignments\assignment2\a2\Debug\vc100.pdb”缺少引用模块的调试信息；正在链接对象，如同没有调试信息一样
     1>fltk.lib(Fl_Input.obj) : warning LNK4204: “C:\gv_assignments\assignment2\a2\Debug\vc100.pdb”缺少引用模块的调试信息；正在链接对象，如同没有调试信息一样
     1>fltk.lib(Fl_Input_.obj) : warning LNK4204: “C:\gv_assignments\assignment2\a2\Debug\vc100.pdb”缺少引用模块的调试信息；正在链接对象，如同没有调试信息一样
     1>fltk.lib(fl_labeltype.obj) : warning LNK4204: “C:\gv_assignments\assignment2\a2\Debug\vc100.pdb”缺少引用模块的调试信息；正在链接对象，如同没有调试信息一样
     1>fltk.lib(Fl_Light_Button.obj) : warning LNK4204: “C:\gv_assignments\assignment2\a2\Debug\vc100.pdb”缺少引用模块的调试信息；正在链接对象，如同没有调试信息一样
     1>fltk.lib(fl_line_style.obj) : warning LNK4204: “C:\gv_assignments\assignment2\a2\Debug\vc100.pdb”缺少引用模块的调试信息；正在链接对象，如同没有调试信息一样
     1>fltk.lib(Fl_lock.obj) : warning LNK4204: “C:\gv_assignments\assignment2\a2\Debug\vc100.pdb”缺少引用模块的调试信息；正在链接对象，如同没有调试信息一样
     1>fltk.lib(Fl_Menu.obj) : warning LNK4204: “C:\gv_assignments\assignment2\a2\Debug\vc100.pdb”缺少引用模块的调试信息；正在链接对象，如同没有调试信息一样
     1>fltk.lib(Fl_Menu_.obj) : warning LNK4204: “C:\gv_assignments\assignment2\a2\Debug\vc100.pdb”缺少引用模块的调试信息；正在链接对象，如同没有调试信息一样
     1>fltk.lib(Fl_Menu_add.obj) : warning LNK4204: “C:\gv_assignments\assignment2\a2\Debug\vc100.pdb”缺少引用模块的调试信息；正在链接对象，如同没有调试信息一样
     1>fltk.lib(Fl_Menu_Bar.obj) : warning LNK4204: “C:\gv_assignments\assignment2\a2\Debug\vc100.pdb”缺少引用模块的调试信息；正在链接对象，如同没有调试信息一样
     1>fltk.lib(Fl_Menu_Button.obj) : warning LNK4204: “C:\gv_assignments\assignment2\a2\Debug\vc100.pdb”缺少引用模块的调试信息；正在链接对象，如同没有调试信息一样
     1>fltk.lib(Fl_Menu_Window.obj) : warning LNK4204: “C:\gv_assignments\assignment2\a2\Debug\vc100.pdb”缺少引用模块的调试信息；正在链接对象，如同没有调试信息一样
     1>fltk.lib(Fl_Native_File_Chooser.obj) : warning LNK4204: “C:\gv_assignments\assignment2\a2\Debug\vc100.pdb”缺少引用模块的调试信息；正在链接对象，如同没有调试信息一样
     1>fltk.lib(Fl_Pack.obj) : warning LNK4204: “C:\gv_assignments\assignment2\a2\Debug\vc100.pdb”缺少引用模块的调试信息；正在链接对象，如同没有调试信息一样
     1>fltk.lib(Fl_Paged_Device.obj) : warning LNK4204: “C:\gv_assignments\assignment2\a2\Debug\vc100.pdb”缺少引用模块的调试信息；正在链接对象，如同没有调试信息一样
     1>fltk.lib(Fl_Pixmap.obj) : warning LNK4204: “C:\gv_assignments\assignment2\a2\Debug\vc100.pdb”缺少引用模块的调试信息；正在链接对象，如同没有调试信息一样
     1>fltk.lib(fl_plastic.obj) : warning LNK4204: “C:\gv_assignments\assignment2\a2\Debug\vc100.pdb”缺少引用模块的调试信息；正在链接对象，如同没有调试信息一样
     1>fltk.lib(Fl_Preferences.obj) : warning LNK4204: “C:\gv_assignments\assignment2\a2\Debug\vc100.pdb”缺少引用模块的调试信息；正在链接对象，如同没有调试信息一样
     1>fltk.lib(Fl_Printer.obj) : warning LNK4204: “C:\gv_assignments\assignment2\a2\Debug\vc100.pdb”缺少引用模块的调试信息；正在链接对象，如同没有调试信息一样
     1>fltk.lib(fl_read_image.obj) : warning LNK4204: “C:\gv_assignments\assignment2\a2\Debug\vc100.pdb”缺少引用模块的调试信息；正在链接对象，如同没有调试信息一样
     1>fltk.lib(fl_rect.obj) : warning LNK4204: “C:\gv_assignments\assignment2\a2\Debug\vc100.pdb”缺少引用模块的调试信息；正在链接对象，如同没有调试信息一样
     1>fltk.lib(Fl_Return_Button.obj) : warning LNK4204: “C:\gv_assignments\assignment2\a2\Debug\vc100.pdb”缺少引用模块的调试信息；正在链接对象，如同没有调试信息一样
     1>fltk.lib(fl_round_box.obj) : warning LNK4204: “C:\gv_assignments\assignment2\a2\Debug\vc100.pdb”缺少引用模块的调试信息；正在链接对象，如同没有调试信息一样
     1>fltk.lib(Fl_Scroll.obj) : warning LNK4204: “C:\gv_assignments\assignment2\a2\Debug\vc100.pdb”缺少引用模块的调试信息；正在链接对象，如同没有调试信息一样
     1>fltk.lib(fl_scroll_area.obj) : warning LNK4204: “C:\gv_assignments\assignment2\a2\Debug\vc100.pdb”缺少引用模块的调试信息；正在链接对象，如同没有调试信息一样
     1>fltk.lib(Fl_Scrollbar.obj) : warning LNK4204: “C:\gv_assignments\assignment2\a2\Debug\vc100.pdb”缺少引用模块的调试信息；正在链接对象，如同没有调试信息一样
     1>fltk.lib(Fl_Shared_Image.obj) : warning LNK4204: “C:\gv_assignments\assignment2\a2\Debug\vc100.pdb”缺少引用模块的调试信息；正在链接对象，如同没有调试信息一样
     1>fltk.lib(fl_shortcut.obj) : warning LNK4204: “C:\gv_assignments\assignment2\a2\Debug\vc100.pdb”缺少引用模块的调试信息；正在链接对象，如同没有调试信息一样
     1>fltk.lib(Fl_Single_Window.obj) : warning LNK4204: “C:\gv_assignments\assignment2\a2\Debug\vc100.pdb”缺少引用模块的调试信息；正在链接对象，如同没有调试信息一样
     1>fltk.lib(Fl_Slider.obj) : warning LNK4204: “C:\gv_assignments\assignment2\a2\Debug\vc100.pdb”缺少引用模块的调试信息；正在链接对象，如同没有调试信息一样
     1>fltk.lib(fl_symbols.obj) : warning LNK4204: “C:\gv_assignments\assignment2\a2\Debug\vc100.pdb”缺少引用模块的调试信息；正在链接对象，如同没有调试信息一样
     1>fltk.lib(Fl_Tile.obj) : warning LNK4204: “C:\gv_assignments\assignment2\a2\Debug\vc100.pdb”缺少引用模块的调试信息；正在链接对象，如同没有调试信息一样
     1>fltk.lib(Fl_Tiled_Image.obj) : warning LNK4204: “C:\gv_assignments\assignment2\a2\Debug\vc100.pdb”缺少引用模块的调试信息；正在链接对象，如同没有调试信息一样
     1>fltk.lib(Fl_Tooltip.obj) : warning LNK4204: “C:\gv_assignments\assignment2\a2\Debug\vc100.pdb”缺少引用模块的调试信息；正在链接对象，如同没有调试信息一样
     1>fltk.lib(fl_utf.obj) : warning LNK4204: “C:\gv_assignments\assignment2\a2\Debug\vc100.pdb”缺少引用模块的调试信息；正在链接对象，如同没有调试信息一样
     1>fltk.lib(fl_utf8.obj) : warning LNK4204: “C:\gv_assignments\assignment2\a2\Debug\vc100.pdb”缺少引用模块的调试信息；正在链接对象，如同没有调试信息一样
     1>fltk.lib(Fl_Valuator.obj) : warning LNK4204: “C:\gv_assignments\assignment2\a2\Debug\vc100.pdb”缺少引用模块的调试信息；正在链接对象，如同没有调试信息一样
     1>fltk.lib(Fl_Value_Slider.obj) : warning LNK4204: “C:\gv_assignments\assignment2\a2\Debug\vc100.pdb”缺少引用模块的调试信息；正在链接对象，如同没有调试信息一样
     1>fltk.lib(fl_vertex.obj) : warning LNK4204: “C:\gv_assignments\assignment2\a2\Debug\vc100.pdb”缺少引用模块的调试信息；正在链接对象，如同没有调试信息一样
     1>fltk.lib(Fl_visual.obj) : warning LNK4204: “C:\gv_assignments\assignment2\a2\Debug\vc100.pdb”缺少引用模块的调试信息；正在链接对象，如同没有调试信息一样
     1>fltk.lib(Fl_Widget.obj) : warning LNK4204: “C:\gv_assignments\assignment2\a2\Debug\vc100.pdb”缺少引用模块的调试信息；正在链接对象，如同没有调试信息一样
     1>fltk.lib(Fl_Window.obj) : warning LNK4204: “C:\gv_assignments\assignment2\a2\Debug\vc100.pdb”缺少引用模块的调试信息；正在链接对象，如同没有调试信息一样
     1>fltk.lib(Fl_Window_hotspot.obj) : warning LNK4204: “C:\gv_assignments\assignment2\a2\Debug\vc100.pdb”缺少引用模块的调试信息；正在链接对象，如同没有调试信息一样
     1>fltk.lib(Fl_XBM_Image.obj) : warning LNK4204: “C:\gv_assignments\assignment2\a2\Debug\vc100.pdb”缺少引用模块的调试信息；正在链接对象，如同没有调试信息一样
     1>fltk.lib(Fl_XPM_Image.obj) : warning LNK4204: “C:\gv_assignments\assignment2\a2\Debug\vc100.pdb”缺少引用模块的调试信息；正在链接对象，如同没有调试信息一样
     1>fltk.lib(flstring.obj) : warning LNK4204: “C:\gv_assignments\assignment2\a2\Debug\vc100.pdb”缺少引用模块的调试信息；正在链接对象，如同没有调试信息一样
     1>fltk.lib(is_spacing.obj) : warning LNK4204: “C:\gv_assignments\assignment2\a2\Debug\vc100.pdb”缺少引用模块的调试信息；正在链接对象，如同没有调试信息一样
     1>fltk.lib(numericsort.obj) : warning LNK4204: “C:\gv_assignments\assignment2\a2\Debug\vc100.pdb”缺少引用模块的调试信息；正在链接对象，如同没有调试信息一样
     1>fltk.lib(ps_image.obj) : warning LNK4204: “C:\gv_assignments\assignment2\a2\Debug\vc100.pdb”缺少引用模块的调试信息；正在链接对象，如同没有调试信息一样
     1>fltk.lib(scandir.obj) : warning LNK4204: “C:\gv_assignments\assignment2\a2\Debug\vc100.pdb”缺少引用模块的调试信息；正在链接对象，如同没有调试信息一样
     1>fltk.lib(screen_xywh.obj) : warning LNK4204: “C:\gv_assignments\assignment2\a2\Debug\vc100.pdb”缺少引用模块的调试信息；正在链接对象，如同没有调试信息一样
     1>fltk.lib(vsnprintf.obj) : warning LNK4204: “C:\gv_assignments\assignment2\a2\Debug\vc100.pdb”缺少引用模块的调试信息；正在链接对象，如同没有调试信息一样
       Manifest:
         正在删除文件“Debug\a2.exe.embed.manifest”。
         C:\Program Files (x86)\Microsoft SDKs\Windows\v7.0A\bin\mt.exe /nologo /verbose /out:"Debug\a2.exe.embed.manifest" /manifest Debug\a2.exe.intermediate.manifest
         C:\Program Files (x86)\Microsoft SDKs\Windows\v7.0A\bin\rc.exe /nologo /fo"Debug\a2.exe.embed.manifest.res" Debug\a2_manifest.rc 
       LinkEmbedManifest:
         C:\vs2010\VC\bin\link.exe /ERRORREPORT:PROMPT /OUT:"C:\gv_assignments\assignment2\a2\Debug\a2.exe" /INCREMENTAL /NOLOGO fltkgl.lib fltk.lib freeglut.lib kernel32.lib user32.lib gdi32.lib winspool.lib comdlg32.lib advapi32.lib shell32.lib ole32.lib oleaut32.lib uuid.lib odbc32.lib odbccp32.lib kernel32.lib user32.lib gdi32.lib winspool.lib comdlg32.lib advapi32.lib shell32.lib ole32.lib oleaut32.lib uuid.lib odbc32.lib odbccp32.lib /MANIFEST /ManifestFile:"Debug\a2.exe.intermediate.manifest" /MANIFESTUAC:"level='asInvoker' uiAccess='false'" /DEBUG /PDB:"C:\gv_assignments\assignment2\a2\Debug\a2.pdb" /SUBSYSTEM:CONSOLE /TLBID:1 /DYNAMICBASE /NXCOMPAT /IMPLIB:"C:\gv_assignments\assignment2\a2\Debug\a2.lib" /MACHINE:X86 Debug\a2.exe.embed.manifest.res
         Debug\bitmap.obj
         Debug\camera.obj
         Debug\Joint.obj
         Debug\main.obj
         Debug\MatrixStack.obj
         Debug\Mesh.obj
         Debug\modelerapp.obj
         Debug\modelerui.obj
         Debug\ModelerView.obj
         Debug\SkeletalModel.obj
         Debug\Matrix2f.obj
         Debug\Matrix3f.obj
         Debug\Matrix4f.obj
         Debug\Quat4f.obj
         Debug\Vector2f.obj
         Debug\Vector3f.obj
         Debug\Vector4f.obj
     1>LINK : warning LNK4098: 默认库“MSVCRT”与其他库的使用冲突；请使用 /NODEFAULTLIB:library
     1>fltkgl.lib(Fl_Gl_Choice.obj) : warning LNK4204: “C:\gv_assignments\assignment2\a2\Debug\vc100.pdb”缺少引用模块的调试信息；正在链接对象，如同没有调试信息一样
     1>fltkgl.lib(Fl_Gl_Device_Plugin.obj) : warning LNK4204: “C:\gv_assignments\assignment2\a2\Debug\vc100.pdb”缺少引用模块的调试信息；正在链接对象，如同没有调试信息一样
     1>fltkgl.lib(Fl_Gl_Window.obj) : warning LNK4204: “C:\gv_assignments\assignment2\a2\Debug\vc100.pdb”缺少引用模块的调试信息；正在链接对象，如同没有调试信息一样
     1>fltkgl.lib(gl_draw.obj) : warning LNK4204: “C:\gv_assignments\assignment2\a2\Debug\vc100.pdb”缺少引用模块的调试信息；正在链接对象，如同没有调试信息一样
     1>fltk.lib(case.obj) : warning LNK4204: “C:\gv_assignments\assignment2\a2\Debug\vc100.pdb”缺少引用模块的调试信息；正在链接对象，如同没有调试信息一样
     1>fltk.lib(filename_absolute.obj) : warning LNK4204: “C:\gv_assignments\assignment2\a2\Debug\vc100.pdb”缺少引用模块的调试信息；正在链接对象，如同没有调试信息一样
     1>fltk.lib(filename_expand.obj) : warning LNK4204: “C:\gv_assignments\assignment2\a2\Debug\vc100.pdb”缺少引用模块的调试信息；正在链接对象，如同没有调试信息一样
     1>fltk.lib(filename_isdir.obj) : warning LNK4204: “C:\gv_assignments\assignment2\a2\Debug\vc100.pdb”缺少引用模块的调试信息；正在链接对象，如同没有调试信息一样
     1>fltk.lib(filename_list.obj) : warning LNK4204: “C:\gv_assignments\assignment2\a2\Debug\vc100.pdb”缺少引用模块的调试信息；正在链接对象，如同没有调试信息一样
     1>fltk.lib(filename_match.obj) : warning LNK4204: “C:\gv_assignments\assignment2\a2\Debug\vc100.pdb”缺少引用模块的调试信息；正在链接对象，如同没有调试信息一样
     1>fltk.lib(Fl.obj) : warning LNK4204: “C:\gv_assignments\assignment2\a2\Debug\vc100.pdb”缺少引用模块的调试信息；正在链接对象，如同没有调试信息一样
     1>fltk.lib(Fl_abort.obj) : warning LNK4204: “C:\gv_assignments\assignment2\a2\Debug\vc100.pdb”缺少引用模块的调试信息；正在链接对象，如同没有调试信息一样
     1>fltk.lib(fl_arc.obj) : warning LNK4204: “C:\gv_assignments\assignment2\a2\Debug\vc100.pdb”缺少引用模块的调试信息；正在链接对象，如同没有调试信息一样
     1>fltk.lib(fl_arci.obj) : warning LNK4204: “C:\gv_assignments\assignment2\a2\Debug\vc100.pdb”缺少引用模块的调试信息；正在链接对象，如同没有调试信息一样
     1>fltk.lib(fl_ask.obj) : warning LNK4204: “C:\gv_assignments\assignment2\a2\Debug\vc100.pdb”缺少引用模块的调试信息；正在链接对象，如同没有调试信息一样
     1>fltk.lib(Fl_Bitmap.obj) : warning LNK4204: “C:\gv_assignments\assignment2\a2\Debug\vc100.pdb”缺少引用模块的调试信息；正在链接对象，如同没有调试信息一样
     1>fltk.lib(Fl_Box.obj) : warning LNK4204: “C:\gv_assignments\assignment2\a2\Debug\vc100.pdb”缺少引用模块的调试信息；正在链接对象，如同没有调试信息一样
     1>fltk.lib(fl_boxtype.obj) : warning LNK4204: “C:\gv_assignments\assignment2\a2\Debug\vc100.pdb”缺少引用模块的调试信息；正在链接对象，如同没有调试信息一样
     1>fltk.lib(Fl_Browser.obj) : warning LNK4204: “C:\gv_assignments\assignment2\a2\Debug\vc100.pdb”缺少引用模块的调试信息；正在链接对象，如同没有调试信息一样
     1>fltk.lib(Fl_Browser_.obj) : warning LNK4204: “C:\gv_assignments\assignment2\a2\Debug\vc100.pdb”缺少引用模块的调试信息；正在链接对象，如同没有调试信息一样
     1>fltk.lib(Fl_Button.obj) : warning LNK4204: “C:\gv_assignments\assignment2\a2\Debug\vc100.pdb”缺少引用模块的调试信息；正在链接对象，如同没有调试信息一样
     1>fltk.lib(Fl_Check_Button.obj) : warning LNK4204: “C:\gv_assignments\assignment2\a2\Debug\vc100.pdb”缺少引用模块的调试信息；正在链接对象，如同没有调试信息一样
     1>fltk.lib(Fl_Choice.obj) : warning LNK4204: “C:\gv_assignments\assignment2\a2\Debug\vc100.pdb”缺少引用模块的调试信息；正在链接对象，如同没有调试信息一样
     1>fltk.lib(fl_color.obj) : warning LNK4204: “C:\gv_assignments\assignment2\a2\Debug\vc100.pdb”缺少引用模块的调试信息；正在链接对象，如同没有调试信息一样
     1>fltk.lib(Fl_compose.obj) : warning LNK4204: “C:\gv_assignments\assignment2\a2\Debug\vc100.pdb”缺少引用模块的调试信息；正在链接对象，如同没有调试信息一样
     1>fltk.lib(fl_cursor.obj) : warning LNK4204: “C:\gv_assignments\assignment2\a2\Debug\vc100.pdb”缺少引用模块的调试信息；正在链接对象，如同没有调试信息一样
     1>fltk.lib(fl_curve.obj) : warning LNK4204: “C:\gv_assignments\assignment2\a2\Debug\vc100.pdb”缺少引用模块的调试信息；正在链接对象，如同没有调试信息一样
     1>fltk.lib(Fl_Device.obj) : warning LNK4204: “C:\gv_assignments\assignment2\a2\Debug\vc100.pdb”缺少引用模块的调试信息；正在链接对象，如同没有调试信息一样
     1>fltk.lib(fl_dnd.obj) : warning LNK4204: “C:\gv_assignments\assignment2\a2\Debug\vc100.pdb”缺少引用模块的调试信息；正在链接对象，如同没有调试信息一样
     1>fltk.lib(Fl_Double_Window.obj) : warning LNK4204: “C:\gv_assignments\assignment2\a2\Debug\vc100.pdb”缺少引用模块的调试信息；正在链接对象，如同没有调试信息一样
     1>fltk.lib(fl_draw.obj) : warning LNK4204: “C:\gv_assignments\assignment2\a2\Debug\vc100.pdb”缺少引用模块的调试信息；正在链接对象，如同没有调试信息一样
     1>fltk.lib(fl_draw_image.obj) : warning LNK4204: “C:\gv_assignments\assignment2\a2\Debug\vc100.pdb”缺少引用模块的调试信息；正在链接对象，如同没有调试信息一样
     1>fltk.lib(fl_draw_pixmap.obj) : warning LNK4204: “C:\gv_assignments\assignment2\a2\Debug\vc100.pdb”缺少引用模块的调试信息；正在链接对象，如同没有调试信息一样
     1>fltk.lib(Fl_File_Browser.obj) : warning LNK4204: “C:\gv_assignments\assignment2\a2\Debug\vc100.pdb”缺少引用模块的调试信息；正在链接对象，如同没有调试信息一样
     1>fltk.lib(Fl_File_Chooser.obj) : warning LNK4204: “C:\gv_assignments\assignment2\a2\Debug\vc100.pdb”缺少引用模块的调试信息；正在链接对象，如同没有调试信息一样
     1>fltk.lib(Fl_File_Chooser2.obj) : warning LNK4204: “C:\gv_assignments\assignment2\a2\Debug\vc100.pdb”缺少引用模块的调试信息；正在链接对象，如同没有调试信息一样
     1>fltk.lib(fl_file_dir.obj) : warning LNK4204: “C:\gv_assignments\assignment2\a2\Debug\vc100.pdb”缺少引用模块的调试信息；正在链接对象，如同没有调试信息一样
     1>fltk.lib(Fl_File_Icon.obj) : warning LNK4204: “C:\gv_assignments\assignment2\a2\Debug\vc100.pdb”缺少引用模块的调试信息；正在链接对象，如同没有调试信息一样
     1>fltk.lib(Fl_File_Input.obj) : warning LNK4204: “C:\gv_assignments\assignment2\a2\Debug\vc100.pdb”缺少引用模块的调试信息；正在链接对象，如同没有调试信息一样
     1>fltk.lib(fl_font.obj) : warning LNK4204: “C:\gv_assignments\assignment2\a2\Debug\vc100.pdb”缺少引用模块的调试信息；正在链接对象，如同没有调试信息一样
     1>fltk.lib(Fl_get_system_colors.obj) : warning LNK4204: “C:\gv_assignments\assignment2\a2\Debug\vc100.pdb”缺少引用模块的调试信息；正在链接对象，如同没有调试信息一样
     1>fltk.lib(Fl_grab.obj) : warning LNK4204: “C:\gv_assignments\assignment2\a2\Debug\vc100.pdb”缺少引用模块的调试信息；正在链接对象，如同没有调试信息一样
     1>fltk.lib(Fl_Group.obj) : warning LNK4204: “C:\gv_assignments\assignment2\a2\Debug\vc100.pdb”缺少引用模块的调试信息；正在链接对象，如同没有调试信息一样
     1>fltk.lib(fl_gtk.obj) : warning LNK4204: “C:\gv_assignments\assignment2\a2\Debug\vc100.pdb”缺少引用模块的调试信息；正在链接对象，如同没有调试信息一样
     1>fltk.lib(Fl_Image.obj) : warning LNK4204: “C:\gv_assignments\assignment2\a2\Debug\vc100.pdb”缺少引用模块的调试信息；正在链接对象，如同没有调试信息一样
     1>fltk.lib(Fl_Input.obj) : warning LNK4204: “C:\gv_assignments\assignment2\a2\Debug\vc100.pdb”缺少引用模块的调试信息；正在链接对象，如同没有调试信息一样
     1>fltk.lib(Fl_Input_.obj) : warning LNK4204: “C:\gv_assignments\assignment2\a2\Debug\vc100.pdb”缺少引用模块的调试信息；正在链接对象，如同没有调试信息一样
     1>fltk.lib(fl_labeltype.obj) : warning LNK4204: “C:\gv_assignments\assignment2\a2\Debug\vc100.pdb”缺少引用模块的调试信息；正在链接对象，如同没有调试信息一样
     1>fltk.lib(Fl_Light_Button.obj) : warning LNK4204: “C:\gv_assignments\assignment2\a2\Debug\vc100.pdb”缺少引用模块的调试信息；正在链接对象，如同没有调试信息一样
     1>fltk.lib(fl_line_style.obj) : warning LNK4204: “C:\gv_assignments\assignment2\a2\Debug\vc100.pdb”缺少引用模块的调试信息；正在链接对象，如同没有调试信息一样
     1>fltk.lib(Fl_lock.obj) : warning LNK4204: “C:\gv_assignments\assignment2\a2\Debug\vc100.pdb”缺少引用模块的调试信息；正在链接对象，如同没有调试信息一样
     1>fltk.lib(Fl_Menu.obj) : warning LNK4204: “C:\gv_assignments\assignment2\a2\Debug\vc100.pdb”缺少引用模块的调试信息；正在链接对象，如同没有调试信息一样
     1>fltk.lib(Fl_Menu_.obj) : warning LNK4204: “C:\gv_assignments\assignment2\a2\Debug\vc100.pdb”缺少引用模块的调试信息；正在链接对象，如同没有调试信息一样
     1>fltk.lib(Fl_Menu_add.obj) : warning LNK4204: “C:\gv_assignments\assignment2\a2\Debug\vc100.pdb”缺少引用模块的调试信息；正在链接对象，如同没有调试信息一样
     1>fltk.lib(Fl_Menu_Bar.obj) : warning LNK4204: “C:\gv_assignments\assignment2\a2\Debug\vc100.pdb”缺少引用模块的调试信息；正在链接对象，如同没有调试信息一样
     1>fltk.lib(Fl_Menu_Button.obj) : warning LNK4204: “C:\gv_assignments\assignment2\a2\Debug\vc100.pdb”缺少引用模块的调试信息；正在链接对象，如同没有调试信息一样
     1>fltk.lib(Fl_Menu_Window.obj) : warning LNK4204: “C:\gv_assignments\assignment2\a2\Debug\vc100.pdb”缺少引用模块的调试信息；正在链接对象，如同没有调试信息一样
     1>fltk.lib(Fl_Native_File_Chooser.obj) : warning LNK4204: “C:\gv_assignments\assignment2\a2\Debug\vc100.pdb”缺少引用模块的调试信息；正在链接对象，如同没有调试信息一样
     1>fltk.lib(Fl_Pack.obj) : warning LNK4204: “C:\gv_assignments\assignment2\a2\Debug\vc100.pdb”缺少引用模块的调试信息；正在链接对象，如同没有调试信息一样
     1>fltk.lib(Fl_Paged_Device.obj) : warning LNK4204: “C:\gv_assignments\assignment2\a2\Debug\vc100.pdb”缺少引用模块的调试信息；正在链接对象，如同没有调试信息一样
     1>fltk.lib(Fl_Pixmap.obj) : warning LNK4204: “C:\gv_assignments\assignment2\a2\Debug\vc100.pdb”缺少引用模块的调试信息；正在链接对象，如同没有调试信息一样
     1>fltk.lib(fl_plastic.obj) : warning LNK4204: “C:\gv_assignments\assignment2\a2\Debug\vc100.pdb”缺少引用模块的调试信息；正在链接对象，如同没有调试信息一样
     1>fltk.lib(Fl_Preferences.obj) : warning LNK4204: “C:\gv_assignments\assignment2\a2\Debug\vc100.pdb”缺少引用模块的调试信息；正在链接对象，如同没有调试信息一样
     1>fltk.lib(Fl_Printer.obj) : warning LNK4204: “C:\gv_assignments\assignment2\a2\Debug\vc100.pdb”缺少引用模块的调试信息；正在链接对象，如同没有调试信息一样
     1>fltk.lib(fl_read_image.obj) : warning LNK4204: “C:\gv_assignments\assignment2\a2\Debug\vc100.pdb”缺少引用模块的调试信息；正在链接对象，如同没有调试信息一样
     1>fltk.lib(fl_rect.obj) : warning LNK4204: “C:\gv_assignments\assignment2\a2\Debug\vc100.pdb”缺少引用模块的调试信息；正在链接对象，如同没有调试信息一样
     1>fltk.lib(Fl_Return_Button.obj) : warning LNK4204: “C:\gv_assignments\assignment2\a2\Debug\vc100.pdb”缺少引用模块的调试信息；正在链接对象，如同没有调试信息一样
     1>fltk.lib(fl_round_box.obj) : warning LNK4204: “C:\gv_assignments\assignment2\a2\Debug\vc100.pdb”缺少引用模块的调试信息；正在链接对象，如同没有调试信息一样
     1>fltk.lib(Fl_Scroll.obj) : warning LNK4204: “C:\gv_assignments\assignment2\a2\Debug\vc100.pdb”缺少引用模块的调试信息；正在链接对象，如同没有调试信息一样
     1>fltk.lib(fl_scroll_area.obj) : warning LNK4204: “C:\gv_assignments\assignment2\a2\Debug\vc100.pdb”缺少引用模块的调试信息；正在链接对象，如同没有调试信息一样
     1>fltk.lib(Fl_Scrollbar.obj) : warning LNK4204: “C:\gv_assignments\assignment2\a2\Debug\vc100.pdb”缺少引用模块的调试信息；正在链接对象，如同没有调试信息一样
     1>fltk.lib(Fl_Shared_Image.obj) : warning LNK4204: “C:\gv_assignments\assignment2\a2\Debug\vc100.pdb”缺少引用模块的调试信息；正在链接对象，如同没有调试信息一样
     1>fltk.lib(fl_shortcut.obj) : warning LNK4204: “C:\gv_assignments\assignment2\a2\Debug\vc100.pdb”缺少引用模块的调试信息；正在链接对象，如同没有调试信息一样
     1>fltk.lib(Fl_Single_Window.obj) : warning LNK4204: “C:\gv_assignments\assignment2\a2\Debug\vc100.pdb”缺少引用模块的调试信息；正在链接对象，如同没有调试信息一样
     1>fltk.lib(Fl_Slider.obj) : warning LNK4204: “C:\gv_assignments\assignment2\a2\Debug\vc100.pdb”缺少引用模块的调试信息；正在链接对象，如同没有调试信息一样
     1>fltk.lib(fl_symbols.obj) : warning LNK4204: “C:\gv_assignments\assignment2\a2\Debug\vc100.pdb”缺少引用模块的调试信息；正在链接对象，如同没有调试信息一样
     1>fltk.lib(Fl_Tile.obj) : warning LNK4204: “C:\gv_assignments\assignment2\a2\Debug\vc100.pdb”缺少引用模块的调试信息；正在链接对象，如同没有调试信息一样
     1>fltk.lib(Fl_Tiled_Image.obj) : warning LNK4204: “C:\gv_assignments\assignment2\a2\Debug\vc100.pdb”缺少引用模块的调试信息；正在链接对象，如同没有调试信息一样
     1>fltk.lib(Fl_Tooltip.obj) : warning LNK4204: “C:\gv_assignments\assignment2\a2\Debug\vc100.pdb”缺少引用模块的调试信息；正在链接对象，如同没有调试信息一样
     1>fltk.lib(fl_utf.obj) : warning LNK4204: “C:\gv_assignments\assignment2\a2\Debug\vc100.pdb”缺少引用模块的调试信息；正在链接对象，如同没有调试信息一样
     1>fltk.lib(fl_utf8.obj) : warning LNK4204: “C:\gv_assignments\assignment2\a2\Debug\vc100.pdb”缺少引用模块的调试信息；正在链接对象，如同没有调试信息一样
     1>fltk.lib(Fl_Valuator.obj) : warning LNK4204: “C:\gv_assignments\assignment2\a2\Debug\vc100.pdb”缺少引用模块的调试信息；正在链接对象，如同没有调试信息一样
     1>fltk.lib(Fl_Value_Slider.obj) : warning LNK4204: “C:\gv_assignments\assignment2\a2\Debug\vc100.pdb”缺少引用模块的调试信息；正在链接对象，如同没有调试信息一样
     1>fltk.lib(fl_vertex.obj) : warning LNK4204: “C:\gv_assignments\assignment2\a2\Debug\vc100.pdb”缺少引用模块的调试信息；正在链接对象，如同没有调试信息一样
     1>fltk.lib(Fl_visual.obj) : warning LNK4204: “C:\gv_assignments\assignment2\a2\Debug\vc100.pdb”缺少引用模块的调试信息；正在链接对象，如同没有调试信息一样
     1>fltk.lib(Fl_Widget.obj) : warning LNK4204: “C:\gv_assignments\assignment2\a2\Debug\vc100.pdb”缺少引用模块的调试信息；正在链接对象，如同没有调试信息一样
     1>fltk.lib(Fl_Window.obj) : warning LNK4204: “C:\gv_assignments\assignment2\a2\Debug\vc100.pdb”缺少引用模块的调试信息；正在链接对象，如同没有调试信息一样
     1>fltk.lib(Fl_Window_hotspot.obj) : warning LNK4204: “C:\gv_assignments\assignment2\a2\Debug\vc100.pdb”缺少引用模块的调试信息；正在链接对象，如同没有调试信息一样
     1>fltk.lib(Fl_XBM_Image.obj) : warning LNK4204: “C:\gv_assignments\assignment2\a2\Debug\vc100.pdb”缺少引用模块的调试信息；正在链接对象，如同没有调试信息一样
     1>fltk.lib(Fl_XPM_Image.obj) : warning LNK4204: “C:\gv_assignments\assignment2\a2\Debug\vc100.pdb”缺少引用模块的调试信息；正在链接对象，如同没有调试信息一样
     1>fltk.lib(flstring.obj) : warning LNK4204: “C:\gv_assignments\assignment2\a2\Debug\vc100.pdb”缺少引用模块的调试信息；正在链接对象，如同没有调试信息一样
     1>fltk.lib(is_spacing.obj) : warning LNK4204: “C:\gv_assignments\assignment2\a2\Debug\vc100.pdb”缺少引用模块的调试信息；正在链接对象，如同没有调试信息一样
     1>fltk.lib(numericsort.obj) : warning LNK4204: “C:\gv_assignments\assignment2\a2\Debug\vc100.pdb”缺少引用模块的调试信息；正在链接对象，如同没有调试信息一样
     1>fltk.lib(ps_image.obj) : warning LNK4204: “C:\gv_assignments\assignment2\a2\Debug\vc100.pdb”缺少引用模块的调试信息；正在链接对象，如同没有调试信息一样
     1>fltk.lib(scandir.obj) : warning LNK4204: “C:\gv_assignments\assignment2\a2\Debug\vc100.pdb”缺少引用模块的调试信息；正在链接对象，如同没有调试信息一样
     1>fltk.lib(screen_xywh.obj) : warning LNK4204: “C:\gv_assignments\assignment2\a2\Debug\vc100.pdb”缺少引用模块的调试信息；正在链接对象，如同没有调试信息一样
     1>fltk.lib(vsnprintf.obj) : warning LNK4204: “C:\gv_assignments\assignment2\a2\Debug\vc100.pdb”缺少引用模块的调试信息；正在链接对象，如同没有调试信息一样
         a2.vcxproj -> C:\gv_assignments\assignment2\a2\Debug\a2.exe
       FinalizeBuildStatus:
         正在删除文件“Debug\a2.unsuccessfulbuild”。
         正在对“Debug\a2.lastbuildstate”执行 Touch 任务。
     1>已完成生成项目“C:\gv_assignments\assignment2\a2\a2.vcxproj”(rebuild 个目标)的操作。

生成成功。

已用时间 00:00:08.53
